/home/jbenjami/.julia/juliaup/.juliaup-lock
/home/jbenjami/.julia/juliaup/julia-1.10.8+0.x64.linux.gnu/share/julia/stdlib/v1.10/Markdown/src/Common/block.jl
/home/jbenjami/.julia/juliaup/julia-1.10.8+0.x64.linux.gnu/share/julia/base/locks-mt.jl
/home/jbenjami/.julia/juliaup/julia-1.10.8+0.x64.linux.gnu/share/julia/base/lock.jl
/home/jbenjami/.julia/juliaup/julia-1.10.8+0.x64.linux.gnu/share/julia/base/compiler/ssair/basicblock.jl
/home/jbenjami/.julia/juliaup/julia-1.10.8+0.x64.linux.gnu/share/doc/julia/html/en/devdocs/locks.html
/home/jbenjami/.julia/juliaup/julia-1.10.8+0.x64.linux.gnu/include/julia/julia_locks.h
/home/jbenjami/.julia/juliaup/julia-1.11.5+0.x64.linux.gnu/share/doc/julia/html/en/devdocs/locks.html
/home/jbenjami/.julia/juliaup/julia-1.11.5+0.x64.linux.gnu/share/julia/stdlib/v1.11/Markdown/src/Common/block.jl
/home/jbenjami/.julia/juliaup/julia-1.11.5+0.x64.linux.gnu/share/julia/base/compiler/ssair/basicblock.jl
/home/jbenjami/.julia/juliaup/julia-1.11.5+0.x64.linux.gnu/share/julia/base/lock.jl
/home/jbenjami/.julia/juliaup/julia-1.11.5+0.x64.linux.gnu/share/julia/base/locks-mt.jl
/home/jbenjami/.julia/juliaup/julia-1.11.5+0.x64.linux.gnu/include/julia/julia_locks.h
/home/jbenjami/.julia/juliaup/julia-1.12.6+0.x64.linux.gnu/share/doc/julia/html/en/devdocs/locks.html
/home/jbenjami/.julia/juliaup/julia-1.12.6+0.x64.linux.gnu/share/julia/Compiler/src/ssair/basicblock.jl
/home/jbenjami/.julia/juliaup/julia-1.12.6+0.x64.linux.gnu/share/julia/stdlib/v1.12/Markdown/src/Common/block.jl
/home/jbenjami/.julia/juliaup/julia-1.12.6+0.x64.linux.gnu/share/julia/base/lock.jl
/home/jbenjami/.julia/juliaup/julia-1.12.6+0.x64.linux.gnu/share/julia/base/locks-mt.jl
/home/jbenjami/.julia/juliaup/julia-1.12.6+0.x64.linux.gnu/include/julia/julia_locks.h
/home/jbenjami/.julia/packages/FiniteDiff/yA5pi/ext/FiniteDiffBlockBandedMatricesExt.jl
/home/jbenjami/.julia/packages/FiniteDiff/hMV7l/ext/FiniteDiffBlockBandedMatricesExt.jl
/home/jbenjami/.julia/packages/LLVM/fEIbx/docs/src/lib/blocks.md
/home/jbenjami/.julia/packages/LLVM/fEIbx/docs/src/man/blocks.md
/home/jbenjami/.julia/packages/LLVM/fEIbx/src/core/basicblock.jl
/home/jbenjami/.julia/packages/LLVM/hhpnm/docs/src/lib/blocks.md
/home/jbenjami/.julia/packages/LLVM/hhpnm/docs/src/man/blocks.md
/home/jbenjami/.julia/packages/LLVM/hhpnm/src/core/basicblock.jl
/home/jbenjami/.julia/packages/LLVM/2dxnA/docs/src/lib/blocks.md
/home/jbenjami/.julia/packages/LLVM/2dxnA/docs/src/man/blocks.md
/home/jbenjami/.julia/packages/LLVM/2dxnA/src/core/basicblock.jl
/home/jbenjami/.julia/packages/LLVM/upRII/docs/src/lib/blocks.md
/home/jbenjami/.julia/packages/LLVM/upRII/docs/src/man/blocks.md
/home/jbenjami/.julia/packages/LLVM/upRII/src/core/basicblock.jl
/home/jbenjami/.julia/packages/LLVM/eBGq5/docs/src/lib/blocks.md
/home/jbenjami/.julia/packages/LLVM/eBGq5/docs/src/man/blocks.md
/home/jbenjami/.julia/packages/LLVM/eBGq5/src/core/basicblock.jl
/home/jbenjami/.julia/packages/MathOptInterface/03Qtw/test/FileFormats/SDPA/models/bad_blocks.sdpa
/home/jbenjami/.julia/packages/LinearSolve/DcHxD/ext/LinearSolveBlockDiagonalsExt.jl
/home/jbenjami/.julia/packages/SciMLBase/rvXrA/src/clock.jl
/home/jbenjami/.julia/packages/SciMLBase/rvXrA/test/clock.jl
/home/jbenjami/.julia/packages/SciMLBase/hLfdZ/src/clock.jl
/home/jbenjami/.julia/packages/SciMLBase/hLfdZ/test/clock.jl
/home/jbenjami/.julia/packages/SciMLBase/BaHpR/src/clock.jl
/home/jbenjami/.julia/packages/HDF5/Z859u/docs/juliacon_2023/images/superblock.png
/home/jbenjami/.julia/packages/HDF5/Z859u/src/api/lock.jl
/home/jbenjami/.julia/packages/HDF5/Z859u/src/api/lock.jl.1336638.mem
/home/jbenjami/.julia/packages/HDF5/Z859u/src/api/lock.jl.1338195.mem
/home/jbenjami/.julia/packages/HDF5/Z859u/src/api/lock.jl.1338254.mem
/home/jbenjami/.julia/packages/HDF5/Z859u/src/api/lock.jl.1339491.mem
/home/jbenjami/.julia/packages/HDF5/Z859u/src/api/lock.jl.1341085.mem
/home/jbenjami/.julia/packages/HDF5/Z859u/src/api/lock.jl.1341510.mem
/home/jbenjami/.julia/packages/HDF5/Z859u/src/api/lock.jl.1341076.mem
/home/jbenjami/.julia/packages/HDF5/Z859u/src/api/lock.jl.1341046.mem
/home/jbenjami/.julia/packages/HDF5/Z859u/src/api/lock.jl.1343562.mem
/home/jbenjami/.julia/packages/HDF5/Z859u/src/api/lock.jl.1334894.mem
/home/jbenjami/.julia/packages/HDF5/Z859u/src/api/lock.jl.2571063.mem
/home/jbenjami/.julia/packages/HDF5/8g5ny/docs/juliacon_2023/images/superblock.png
/home/jbenjami/.julia/packages/HDF5/8g5ny/src/api/lock.jl
/home/jbenjami/.julia/packages/ArrayInterface/U8kYm/ext/ArrayInterfaceBlockBandedMatricesExt.jl
/home/jbenjami/.julia/packages/ArrayInterface/U8kYm/test/blockbandedmatrices.jl
/home/jbenjami/.julia/packages/ArrayInterface/CiaMI/ext/ArrayInterfaceBlockBandedMatricesExt.jl
/home/jbenjami/.julia/packages/ArrayInterface/CiaMI/test/blockbandedmatrices.jl
/home/jbenjami/.julia/packages/ArrayInterface/EFkNw/ext/ArrayInterfaceBlockBandedMatricesExt.jl
/home/jbenjami/.julia/packages/ArrayInterface/EFkNw/test/blockbandedmatrices.jl
/home/jbenjami/.julia/packages/ArrayInterface/dBq6y/ext/ArrayInterfaceBlockBandedMatricesExt.jl
/home/jbenjami/.julia/packages/ArrayInterface/dBq6y/test/blockbandedmatrices.jl
/home/jbenjami/.julia/packages/ArrayInterface/9wQIY/ext/ArrayInterfaceBlockBandedMatricesExt.jl
/home/jbenjami/.julia/packages/ArrayInterface/9wQIY/test/blockbandedmatrices.jl
/home/jbenjami/.julia/packages/SciMLOperators/n3qxz/src/block.jl
/home/jbenjami/.julia/packages/SciMLOperators/ea8Le/src/block.jl
/home/jbenjami/.julia/packages/Krylov/4GBlE/docs/src/block_krylov.md
/home/jbenjami/.julia/packages/Krylov/4GBlE/docs/src/block_processes.md
/home/jbenjami/.julia/packages/Krylov/4GBlE/docs/src/examples/block_gmres.md
/home/jbenjami/.julia/packages/Krylov/4GBlE/docs/src/graphics/block_arnoldi.png
/home/jbenjami/.julia/packages/Krylov/4GBlE/docs/src/graphics/block_golub_kahan.png
/home/jbenjami/.julia/packages/Krylov/4GBlE/docs/src/graphics/block_hermitian_lanczos.png
/home/jbenjami/.julia/packages/Krylov/4GBlE/docs/src/graphics/block_montoison_orban.png
/home/jbenjami/.julia/packages/Krylov/4GBlE/docs/src/graphics/block_nonhermitian_lanczos.png
/home/jbenjami/.julia/packages/Krylov/4GBlE/docs/src/graphics/block_saunders_simon_yip.png
/home/jbenjami/.julia/packages/Krylov/4GBlE/src/block_gmres.jl
/home/jbenjami/.julia/packages/Krylov/4GBlE/src/block_krylov_processes.jl
/home/jbenjami/.julia/packages/Krylov/4GBlE/src/block_krylov_utils.jl
/home/jbenjami/.julia/packages/Krylov/4GBlE/src/block_krylov_workspaces.jl
/home/jbenjami/.julia/packages/Krylov/4GBlE/src/block_minres.jl
/home/jbenjami/.julia/packages/Krylov/4GBlE/test/test_block_processes.jl
/home/jbenjami/.julia/packages/Krylov/zGitw/docs/src/block_krylov.md
/home/jbenjami/.julia/packages/Krylov/zGitw/docs/src/block_processes.md
/home/jbenjami/.julia/packages/Krylov/zGitw/docs/src/examples/block_gmres.md
/home/jbenjami/.julia/packages/Krylov/zGitw/docs/src/graphics/block_arnoldi.png
/home/jbenjami/.julia/packages/Krylov/zGitw/docs/src/graphics/block_golub_kahan.png
/home/jbenjami/.julia/packages/Krylov/zGitw/docs/src/graphics/block_hermitian_lanczos.png
/home/jbenjami/.julia/packages/Krylov/zGitw/docs/src/graphics/block_montoison_orban.png
/home/jbenjami/.julia/packages/Krylov/zGitw/docs/src/graphics/block_nonhermitian_lanczos.png
/home/jbenjami/.julia/packages/Krylov/zGitw/docs/src/graphics/block_saunders_simon_yip.png
/home/jbenjami/.julia/packages/Krylov/zGitw/src/block_gmres.jl
/home/jbenjami/.julia/packages/Krylov/zGitw/src/block_krylov_processes.jl
/home/jbenjami/.julia/packages/Krylov/zGitw/src/block_krylov_utils.jl
/home/jbenjami/.julia/packages/Krylov/zGitw/src/block_krylov_workspaces.jl
/home/jbenjami/.julia/packages/Krylov/zGitw/src/block_minres.jl
/home/jbenjami/.julia/packages/Krylov/zGitw/test/test_block_processes.jl
/home/jbenjami/.julia/packages/Krylov/FdZzQ/docs/src/block_krylov.md
/home/jbenjami/.julia/packages/Krylov/FdZzQ/docs/src/block_processes.md
/home/jbenjami/.julia/packages/Krylov/FdZzQ/docs/src/examples/block_gmres.md
/home/jbenjami/.julia/packages/Krylov/FdZzQ/docs/src/graphics/block_arnoldi.png
/home/jbenjami/.julia/packages/Krylov/FdZzQ/docs/src/graphics/block_golub_kahan.png
/home/jbenjami/.julia/packages/Krylov/FdZzQ/docs/src/graphics/block_hermitian_lanczos.png
/home/jbenjami/.julia/packages/Krylov/FdZzQ/docs/src/graphics/block_montoison_orban.png
/home/jbenjami/.julia/packages/Krylov/FdZzQ/docs/src/graphics/block_nonhermitian_lanczos.png
/home/jbenjami/.julia/packages/Krylov/FdZzQ/docs/src/graphics/block_saunders_simon_yip.png
/home/jbenjami/.julia/packages/Krylov/FdZzQ/src/block_gmres.jl
/home/jbenjami/.julia/packages/Krylov/FdZzQ/src/block_krylov_processes.jl
/home/jbenjami/.julia/packages/Krylov/FdZzQ/src/block_krylov_solvers.jl
/home/jbenjami/.julia/packages/Krylov/FdZzQ/src/block_krylov_utils.jl
/home/jbenjami/.julia/packages/Krylov/FdZzQ/test/test_block_processes.jl
/home/jbenjami/.julia/packages/Krylov/wgV9p/docs/src/block_krylov.md
/home/jbenjami/.julia/packages/Krylov/wgV9p/docs/src/block_processes.md
/home/jbenjami/.julia/packages/Krylov/wgV9p/docs/src/examples/block_gmres.md
/home/jbenjami/.julia/packages/Krylov/wgV9p/docs/src/graphics/block_arnoldi.png
/home/jbenjami/.julia/packages/Krylov/wgV9p/docs/src/graphics/block_golub_kahan.png
/home/jbenjami/.julia/packages/Krylov/wgV9p/docs/src/graphics/block_hermitian_lanczos.png
/home/jbenjami/.julia/packages/Krylov/wgV9p/docs/src/graphics/block_montoison_orban.png
/home/jbenjami/.julia/packages/Krylov/wgV9p/docs/src/graphics/block_nonhermitian_lanczos.png
/home/jbenjami/.julia/packages/Krylov/wgV9p/docs/src/graphics/block_saunders_simon_yip.png
/home/jbenjami/.julia/packages/Krylov/wgV9p/src/block_gmres.jl
/home/jbenjami/.julia/packages/Krylov/wgV9p/src/block_krylov_processes.jl
/home/jbenjami/.julia/packages/Krylov/wgV9p/src/block_krylov_solvers.jl
/home/jbenjami/.julia/packages/Krylov/wgV9p/src/block_krylov_utils.jl
/home/jbenjami/.julia/packages/Krylov/wgV9p/src/block_minres.jl
/home/jbenjami/.julia/packages/Krylov/wgV9p/test/test_block_processes.jl
/home/jbenjami/.julia/packages/Transducers/PqRuk/ext/TransducersBlockArraysExt.jl
/home/jbenjami/.julia/packages/Transducers/PqRuk/test/test_blockarrays.jl
/home/jbenjami/.julia/packages/ClimaCore/3mQx6/ext/cuda/data_layouts_threadblock.jl
/home/jbenjami/.julia/packages/ClimaCore/3mQx6/test/DataLayouts/unit_cuda_threadblocks.jl
/home/jbenjami/.julia/packages/ClimaCore/iKGAo/ext/cuda/data_layouts_threadblock.jl
/home/jbenjami/.julia/packages/ClimaCore/iKGAo/test/DataLayouts/unit_cuda_threadblocks.jl
/home/jbenjami/.julia/packages/ClimaCore/vVw9t/ext/cuda/data_layouts_threadblock.jl
/home/jbenjami/.julia/packages/ClimaCore/vVw9t/test/DataLayouts/unit_cuda_threadblocks.jl
/home/jbenjami/.julia/packages/ClimaCore/rSpyb/ext/cuda/data_layouts_threadblock.jl
/home/jbenjami/.julia/packages/BlockArrays
/home/jbenjami/.julia/packages/BlockArrays/wmk4q/docs/src/man/abstractblockarrayinterface.md
/home/jbenjami/.julia/packages/BlockArrays/wmk4q/docs/src/man/blockarrays.md
/home/jbenjami/.julia/packages/BlockArrays/wmk4q/docs/src/man/blockedarrays.md
/home/jbenjami/.julia/packages/BlockArrays/wmk4q/ext/BlockArraysAdaptExt.jl
/home/jbenjami/.julia/packages/BlockArrays/wmk4q/ext/BlockArraysBandedMatricesExt.jl
/home/jbenjami/.julia/packages/BlockArrays/wmk4q/src/BlockArrays.jl
/home/jbenjami/.julia/packages/BlockArrays/wmk4q/src/abstractblockarray.jl
/home/jbenjami/.julia/packages/BlockArrays/wmk4q/src/blockarray.jl
/home/jbenjami/.julia/packages/BlockArrays/wmk4q/src/blockarrayinterface.jl
/home/jbenjami/.julia/packages/BlockArrays/wmk4q/src/blockaxis.jl
/home/jbenjami/.julia/packages/BlockArrays/wmk4q/src/blockbanded.jl
/home/jbenjami/.julia/packages/BlockArrays/wmk4q/src/blockbroadcast.jl
/home/jbenjami/.julia/packages/BlockArrays/wmk4q/src/blockcholesky.jl
/home/jbenjami/.julia/packages/BlockArrays/wmk4q/src/blockdeque.jl
/home/jbenjami/.julia/packages/BlockArrays/wmk4q/src/blockedarray.jl
/home/jbenjami/.julia/packages/BlockArrays/wmk4q/src/blockindices.jl
/home/jbenjami/.julia/packages/BlockArrays/wmk4q/src/blocklinalg.jl
/home/jbenjami/.julia/packages/BlockArrays/wmk4q/src/blockproduct.jl
/home/jbenjami/.julia/packages/BlockArrays/wmk4q/src/blockreduce.jl
/home/jbenjami/.julia/packages/BlockArrays/wmk4q/src/blocks.jl
/home/jbenjami/.julia/packages/BlockArrays/wmk4q/src/blockindices.jl.2571063.mem
/home/jbenjami/.julia/packages/BlockArrays/wmk4q/test/test_blockarrayinterface.jl
/home/jbenjami/.julia/packages/BlockArrays/wmk4q/test/test_blockarrays.jl
/home/jbenjami/.julia/packages/BlockArrays/wmk4q/test/test_blockbanded.jl
/home/jbenjami/.julia/packages/BlockArrays/wmk4q/test/test_blockbroadcast.jl
/home/jbenjami/.julia/packages/BlockArrays/wmk4q/test/test_blockcholesky.jl
/home/jbenjami/.julia/packages/BlockArrays/wmk4q/test/test_blockdeque.jl
/home/jbenjami/.julia/packages/BlockArrays/wmk4q/test/test_blockindices.jl
/home/jbenjami/.julia/packages/BlockArrays/wmk4q/test/test_blocklinalg.jl
/home/jbenjami/.julia/packages/BlockArrays/wmk4q/test/test_blockproduct.jl
/home/jbenjami/.julia/packages/BlockArrays/wmk4q/test/test_blockrange.jl
/home/jbenjami/.julia/packages/BlockArrays/wmk4q/test/test_blockreduce.jl
/home/jbenjami/.julia/packages/BlockArrays/wmk4q/test/test_blocks.jl
/home/jbenjami/.julia/packages/BlockArrays/wmk4q/test/test_blockviews.jl
/home/jbenjami/.julia/packages/BlockArrays/tOOU0/docs/src/man/abstractblockarrayinterface.md
/home/jbenjami/.julia/packages/BlockArrays/tOOU0/docs/src/man/blockarrays.md
/home/jbenjami/.julia/packages/BlockArrays/tOOU0/docs/src/man/blockedarrays.md
/home/jbenjami/.julia/packages/BlockArrays/tOOU0/ext/BlockArraysBandedMatricesExt.jl
/home/jbenjami/.julia/packages/BlockArrays/tOOU0/src/BlockArrays.jl
/home/jbenjami/.julia/packages/BlockArrays/tOOU0/src/abstractblockarray.jl
/home/jbenjami/.julia/packages/BlockArrays/tOOU0/src/blockarray.jl
/home/jbenjami/.julia/packages/BlockArrays/tOOU0/src/blockarrayinterface.jl
/home/jbenjami/.julia/packages/BlockArrays/tOOU0/src/blockaxis.jl
/home/jbenjami/.julia/packages/BlockArrays/tOOU0/src/blockbanded.jl
/home/jbenjami/.julia/packages/BlockArrays/tOOU0/src/blockbroadcast.jl
/home/jbenjami/.julia/packages/BlockArrays/tOOU0/src/blockcholesky.jl
/home/jbenjami/.julia/packages/BlockArrays/tOOU0/src/blockdeque.jl
/home/jbenjami/.julia/packages/BlockArrays/tOOU0/src/blockedarray.jl
/home/jbenjami/.julia/packages/BlockArrays/tOOU0/src/blockindices.jl
/home/jbenjami/.julia/packages/BlockArrays/tOOU0/src/blocklinalg.jl
/home/jbenjami/.julia/packages/BlockArrays/tOOU0/src/blockproduct.jl
/home/jbenjami/.julia/packages/BlockArrays/tOOU0/src/blockreduce.jl
/home/jbenjami/.julia/packages/BlockArrays/tOOU0/src/blocks.jl
/home/jbenjami/.julia/packages/BlockArrays/tOOU0/test/test_blockarrayinterface.jl
/home/jbenjami/.julia/packages/BlockArrays/tOOU0/test/test_blockarrays.jl
/home/jbenjami/.julia/packages/BlockArrays/tOOU0/test/test_blockbanded.jl
/home/jbenjami/.julia/packages/BlockArrays/tOOU0/test/test_blockbroadcast.jl
/home/jbenjami/.julia/packages/BlockArrays/tOOU0/test/test_blockcholesky.jl
/home/jbenjami/.julia/packages/BlockArrays/tOOU0/test/test_blockdeque.jl
/home/jbenjami/.julia/packages/BlockArrays/tOOU0/test/test_blockindices.jl
/home/jbenjami/.julia/packages/BlockArrays/tOOU0/test/test_blocklinalg.jl
/home/jbenjami/.julia/packages/BlockArrays/tOOU0/test/test_blockproduct.jl
/home/jbenjami/.julia/packages/BlockArrays/tOOU0/test/test_blockrange.jl
/home/jbenjami/.julia/packages/BlockArrays/tOOU0/test/test_blockreduce.jl
/home/jbenjami/.julia/packages/BlockArrays/tOOU0/test/test_blocks.jl
/home/jbenjami/.julia/packages/BlockArrays/tOOU0/test/test_blockviews.jl
/home/jbenjami/.julia/packages/Distributions/PVuFU/test/ref/renv.lock
/home/jbenjami/.julia/packages/Distributions/nfRUl/test/ref/renv.lock
/home/jbenjami/.julia/packages/Moshi/UlzGA/docs/package-lock.json
/home/jbenjami/.julia/packages/JLD2/WDhXU/src/superblock.jl
/home/jbenjami/.julia/packages/JLD2/WDhXU/src/superblock.jl.1335365.mem
/home/jbenjami/.julia/packages/JLD2/hbsZG/src/superblock.jl
/home/jbenjami/.julia/packages/JLD2/ws7Qu/src/superblock.jl
/home/jbenjami/.julia/packages/JLD2/qcxKY/src/superblock.jl
/home/jbenjami/.julia/packages/NCDatasets/SAkM8/src/lock.jl
/home/jbenjami/.julia/packages/NCDatasets/umdPP/src/lock.jl
/home/jbenjami/.julia/packages/ConcurrentUtilities/hQBsU/src/fifolock.jl
/home/jbenjami/.julia/packages/ConcurrentUtilities/hQBsU/src/lockable.jl
/home/jbenjami/.julia/packages/ConcurrentUtilities/hQBsU/src/rwlock.jl
/home/jbenjami/.julia/packages/AWS/r9DGZ/src/services/managedblockchain.jl
/home/jbenjami/.julia/packages/AWS/r9DGZ/src/services/managedblockchain_query.jl
/home/jbenjami/.julia/packages/CSTParser/0hXvH/test/parser/test_keyword_blocks.jl
/home/jbenjami/.julia/packages/CommonMark/btReN/src/parsers/blocks
/home/jbenjami/.julia/packages/CommonMark/btReN/src/parsers/blocks/blockquotes.jl
/home/jbenjami/.julia/packages/CommonMark/btReN/src/parsers/blocks/codeblocks.jl
/home/jbenjami/.julia/packages/CommonMark/btReN/src/parsers/blocks/htmlblocks.jl
/home/jbenjami/.julia/packages/CommonMark/btReN/src/parsers/blocks.jl
/home/jbenjami/.julia/packages/CommonMark/btReN/test/samples/cmark/block-bq-flat.html
/home/jbenjami/.julia/packages/CommonMark/btReN/test/samples/cmark/block-bq-flat.md
/home/jbenjami/.julia/packages/CommonMark/btReN/test/samples/cmark/block-bq-nested.html
/home/jbenjami/.julia/packages/CommonMark/btReN/test/samples/cmark/block-bq-nested.md
/home/jbenjami/.julia/packages/CommonMark/btReN/test/samples/cmark/block-code.html
/home/jbenjami/.julia/packages/CommonMark/btReN/test/samples/cmark/block-code.md
/home/jbenjami/.julia/packages/CommonMark/btReN/test/samples/cmark/block-fences.html
/home/jbenjami/.julia/packages/CommonMark/btReN/test/samples/cmark/block-fences.md
/home/jbenjami/.julia/packages/CommonMark/btReN/test/samples/cmark/block-heading.html
/home/jbenjami/.julia/packages/CommonMark/btReN/test/samples/cmark/block-heading.md
/home/jbenjami/.julia/packages/CommonMark/btReN/test/samples/cmark/block-hr.html
/home/jbenjami/.julia/packages/CommonMark/btReN/test/samples/cmark/block-hr.md
/home/jbenjami/.julia/packages/CommonMark/btReN/test/samples/cmark/block-html.html
/home/jbenjami/.julia/packages/CommonMark/btReN/test/samples/cmark/block-html.md
/home/jbenjami/.julia/packages/CommonMark/btReN/test/samples/cmark/block-lheading.html
/home/jbenjami/.julia/packages/CommonMark/btReN/test/samples/cmark/block-lheading.md
/home/jbenjami/.julia/packages/CommonMark/btReN/test/samples/cmark/block-list-flat.html
/home/jbenjami/.julia/packages/CommonMark/btReN/test/samples/cmark/block-list-flat.md
/home/jbenjami/.julia/packages/CommonMark/btReN/test/samples/cmark/block-list-nested.html
/home/jbenjami/.julia/packages/CommonMark/btReN/test/samples/cmark/block-list-nested.md
/home/jbenjami/.julia/packages/CommonMark/btReN/test/samples/cmark/block-ref-flat.html
/home/jbenjami/.julia/packages/CommonMark/btReN/test/samples/cmark/block-ref-flat.md
/home/jbenjami/.julia/packages/CommonMark/btReN/test/samples/cmark/block-ref-nested.html
/home/jbenjami/.julia/packages/CommonMark/btReN/test/samples/cmark/block-ref-nested.md
/home/jbenjami/.julia/packages/LazyArrays/4Y380/ext/LazyArraysBlockArraysExt.jl
/home/jbenjami/.julia/packages/LazyArrays/4Y380/ext/LazyArraysBlockBandedMatricesExt.jl
/home/jbenjami/.julia/packages/LazyArrays/4Y380/test/blockbandedtests.jl
/home/jbenjami/.julia/packages/LazyArrays/4Y380/test/blocktests.jl
/home/jbenjami/.julia/packages/LazyArrays/rvTTM/ext/LazyArraysBlockArraysExt.jl
/home/jbenjami/.julia/packages/LazyArrays/rvTTM/ext/LazyArraysBlockBandedMatricesExt.jl
/home/jbenjami/.julia/packages/LazyArrays/rvTTM/test/blockbandedtests.jl
/home/jbenjami/.julia/packages/LazyArrays/rvTTM/test/blocktests.jl
/home/jbenjami/.julia/packages/LazyArrays/RkR8J/ext/LazyArraysBlockArraysExt.jl
/home/jbenjami/.julia/packages/LazyArrays/RkR8J/ext/LazyArraysBlockBandedMatricesExt.jl
/home/jbenjami/.julia/packages/LazyArrays/RkR8J/test/blockbandedtests.jl
/home/jbenjami/.julia/packages/LazyArrays/RkR8J/test/blocktests.jl
/home/jbenjami/.julia/packages/Makie/kJl0u/src/makielayout/blocks
/home/jbenjami/.julia/packages/Makie/kJl0u/src/makielayout/blocks.jl
/home/jbenjami/.julia/packages/Makie/p9K7f/src/makielayout/blocks
/home/jbenjami/.julia/packages/Makie/p9K7f/src/makielayout/blocks.jl
/home/jbenjami/.julia/packages/Makie/Y3ABD/docs/attrdocs_block.jl
/home/jbenjami/.julia/packages/Makie/Y3ABD/docs/figure_block.jl
/home/jbenjami/.julia/packages/Makie/Y3ABD/docs/shortdocs_block.jl
/home/jbenjami/.julia/packages/Makie/Y3ABD/docs/src/explanations/blocks.md
/home/jbenjami/.julia/packages/Makie/Y3ABD/docs/src/reference/blocks
/home/jbenjami/.julia/packages/Makie/Y3ABD/src/makielayout/blocks
/home/jbenjami/.julia/packages/Makie/Y3ABD/src/makielayout/blocks.jl
/home/jbenjami/.julia/packages/Makie/WKgwk/src/makielayout/blocks
/home/jbenjami/.julia/packages/Makie/WKgwk/src/makielayout/blocks.jl
/home/jbenjami/.julia/packages/DelaunayTriangulation/z6I4Z/docs/src/literate_tutorials/operations_convex_hull_locking.jl
/home/jbenjami/.julia/packages/DelaunayTriangulation/z6I4Z/docs/src/tutorials/operations_convex_hull_locking.md
/home/jbenjami/.julia/packages/DelaunayTriangulation/z6I4Z/src/algorithms/triangulation/basic_operations/lock_convex_hull.jl
/home/jbenjami/.julia/packages/DelaunayTriangulation/z6I4Z/src/algorithms/triangulation/basic_operations/unlock_convex_hull.jl
/home/jbenjami/.julia/packages/DelaunayTriangulation/z6I4Z/test/operations/lock_convex_hull.jl
/home/jbenjami/.julia/packages/DelaunayTriangulation/oZmqW/docs/src/literate_tutorials/operations_convex_hull_locking.jl
/home/jbenjami/.julia/packages/DelaunayTriangulation/oZmqW/docs/src/tutorials/operations_convex_hull_locking.md
/home/jbenjami/.julia/packages/DelaunayTriangulation/oZmqW/src/algorithms/triangulation/basic_operations/lock_convex_hull.jl
/home/jbenjami/.julia/packages/DelaunayTriangulation/oZmqW/src/algorithms/triangulation/basic_operations/unlock_convex_hull.jl
/home/jbenjami/.julia/packages/DelaunayTriangulation/oZmqW/test/operations/lock_convex_hull.jl
/home/jbenjami/.julia/packages/DocumenterCitations/ypkfZ/test/test_parse_bibliography_block.jl
/home/jbenjami/.julia/packages/Lux/ZSmgp/docs/src/api/Building_Blocks
/home/jbenjami/.julia/packages/ClimaAtmos/Wuts2/.github/workflows/pr-review.lock.yml
/home/jbenjami/.julia/packages/ChunkCodecLibLz4/6YUUc/test/block.jl
/home/jbenjami/.julia/packages/MPI/pvbg6/src/nonblocking.jl
/home/jbenjami/.julia/packages/Expronicon/Oa1rJ/yarn.lock
/home/jbenjami/.julia/artifacts/94e6987970aa0512ef684dcfc3ca69aca09e4107/include/lzma/block.h
/home/jbenjami/.julia/artifacts/6eee2bac22f7dfdc10fb702aa4772f3528a48cb0/lib/engines-3/padlock.so
/home/jbenjami/.julia/artifacts/654863f618f22eeb74ce2d1b4996666e65e596e4/include/glib-2.0/glib/gbitlock.h
/home/jbenjami/.julia/artifacts/212fabd42317a2d91c838144094732e39f951ec1/include/QtQmlCompiler/6.10.2/QtQmlCompiler/private/qqmljsbasicblocks_p.h
/home/jbenjami/.julia/artifacts/c4dd2480a2bd76b2d21e93fef76872b632f0c240/share/man/man3/XUnlockDisplay.3
/home/jbenjami/.julia/artifacts/de7bee89c1c1ca5b0a0f58d69e62cf91b39b3567/include/aws/common/clock.h
/home/jbenjami/.julia/artifacts/de7bee89c1c1ca5b0a0f58d69e62cf91b39b3567/include/aws/common/clock.inl
/home/jbenjami/.julia/artifacts/de7bee89c1c1ca5b0a0f58d69e62cf91b39b3567/include/aws/common/cross_process_lock.h
/home/jbenjami/.julia/artifacts/de7bee89c1c1ca5b0a0f58d69e62cf91b39b3567/include/aws/common/rw_lock.h
/home/jbenjami/.julia/artifacts/7f39a18d94f87b5135df6731a327b61b8c463af6/lib/engines-3/padlock.so
/home/jbenjami/.julia/artifacts/0a1006d282bce91b5cd408c714cbb95d3bb4f515/share/man/man3/XauUnlockAuth.3
/home/jbenjami/.julia/artifacts/45a076ac2b0b5e528159c96142254106709ec982/include/lzma/block.h
/home/jbenjami/.julia/artifacts/299dd9a174ebc497df2cf4d30f1c6d10948c60ef/share/man/man3/xcb_xkb_latch_lock_state.3
/home/jbenjami/.julia/artifacts/299dd9a174ebc497df2cf4d30f1c6d10948c60ef/share/man/man3/xcb_xkb_latch_lock_state_checked.3
/home/jbenjami/.julia/artifacts/0b6297f066cea2e58184e355e1579094fec3099b/include/mbedtls/padlock.h
/home/jbenjami/.julia/artifacts/763be6a5ce77e0ca86d3e1b3a1c8ec499f8958f1/lib/udev/rules.d/60-block.rules
/home/jbenjami/.julia/artifacts/23d821271a00e164eb2b5c273985da44f9a831a1/share/X11/xkb/symbols/capslock
/home/jbenjami/.julia/artifacts/23d821271a00e164eb2b5c273985da44f9a831a1/share/X11/xkb/symbols/scrolllock
/home/jbenjami/.julia/artifacts/f0557b9a3c2c4667444e8fc63c1fc9c2c5cb9e63/share/man/man3/XUnlockDisplay.3
/home/jbenjami/.julia/artifacts/61bd4b8dad0917803b344a4de5848bfb298dbf52/include/QtQmlCompiler/6.8.2/QtQmlCompiler/private/qqmljsbasicblocks_p.h
/home/jbenjami/.julia/artifacts/e58862cd7eac46c8e666f512c310cd1c09a071ba/include/QtCore/6.8.2/QtCore/private/qlockfile_p.h
/home/jbenjami/.julia/artifacts/e58862cd7eac46c8e666f512c310cd1c09a071ba/include/QtCore/6.8.2/QtCore/private/qlocking_p.h
/home/jbenjami/.julia/artifacts/e58862cd7eac46c8e666f512c310cd1c09a071ba/include/QtCore/6.8.2/QtCore/private/qorderedmutexlocker_p.h
/home/jbenjami/.julia/artifacts/e58862cd7eac46c8e666f512c310cd1c09a071ba/include/QtCore/6.8.2/QtCore/private/qreadwritelock_p.h
/home/jbenjami/.julia/artifacts/e58862cd7eac46c8e666f512c310cd1c09a071ba/include/QtCore/QSignalBlocker
/home/jbenjami/.julia/artifacts/e58862cd7eac46c8e666f512c310cd1c09a071ba/include/QtCore/qlockfile.h
/home/jbenjami/.julia/artifacts/e58862cd7eac46c8e666f512c310cd1c09a071ba/include/QtCore/qreadwritelock.h
/home/jbenjami/.julia/artifacts/e58862cd7eac46c8e666f512c310cd1c09a071ba/include/QtGui/QTextBlock
/home/jbenjami/.julia/artifacts/e58862cd7eac46c8e666f512c310cd1c09a071ba/include/QtGui/QTextBlockFormat
/home/jbenjami/.julia/artifacts/e58862cd7eac46c8e666f512c310cd1c09a071ba/include/QtGui/QTextBlockGroup
/home/jbenjami/.julia/artifacts/e58862cd7eac46c8e666f512c310cd1c09a071ba/include/QtGui/QTextBlockUserData
/home/jbenjami/.julia/artifacts/4abceaa249b7f9462f41628bf01f6141f278f742/include/glib-2.0/glib/gbitlock.h
/home/jbenjami/.julia/artifacts/051bcd87a956c48ab829b7da04a56222c10f0a47/share/xkeyboard-config-2/symbols/capslock
/home/jbenjami/.julia/artifacts/051bcd87a956c48ab829b7da04a56222c10f0a47/share/xkeyboard-config-2/symbols/scrolllock
/home/jbenjami/.julia/artifacts/8c2e3063590d6141dae76f77a83b0506f0bcba1a/include/gtk-4.0/gdk/gdkframeclock.h
/home/jbenjami/.julia/artifacts/8c2e3063590d6141dae76f77a83b0506f0bcba1a/include/gtk-4.0/gtk/deprecated/gtklockbutton.h
/home/jbenjami/.julia/artifacts/6012e83a109fbe39e539578e2f4275762505f458/share/icons/Adwaita/16x16/status/auth-sim-locked-symbolic.symbolic.png
/home/jbenjami/.julia/artifacts/6012e83a109fbe39e539578e2f4275762505f458/share/icons/Adwaita/16x16/status/rotation-locked-symbolic.symbolic.png
/home/jbenjami/.julia/artifacts/6012e83a109fbe39e539578e2f4275762505f458/share/icons/Adwaita/16x16/status/system-lock-screen-symbolic.symbolic.png
/home/jbenjami/.julia/artifacts/6012e83a109fbe39e539578e2f4275762505f458/share/icons/Adwaita/24x24/status/auth-sim-locked-symbolic.symbolic.png
/home/jbenjami/.julia/artifacts/6012e83a109fbe39e539578e2f4275762505f458/share/icons/Adwaita/24x24/status/rotation-locked-symbolic.symbolic.png
/home/jbenjami/.julia/artifacts/6012e83a109fbe39e539578e2f4275762505f458/share/icons/Adwaita/24x24/status/system-lock-screen-symbolic.symbolic.png
/home/jbenjami/.julia/artifacts/6012e83a109fbe39e539578e2f4275762505f458/share/icons/Adwaita/32x32/status/auth-sim-locked-symbolic.symbolic.png
/home/jbenjami/.julia/artifacts/6012e83a109fbe39e539578e2f4275762505f458/share/icons/Adwaita/32x32/status/rotation-locked-symbolic.symbolic.png
/home/jbenjami/.julia/artifacts/6012e83a109fbe39e539578e2f4275762505f458/share/icons/Adwaita/32x32/status/system-lock-screen-symbolic.symbolic.png
/home/jbenjami/.julia/artifacts/6012e83a109fbe39e539578e2f4275762505f458/share/icons/Adwaita/48x48/status/auth-sim-locked-symbolic.symbolic.png
/home/jbenjami/.julia/artifacts/6012e83a109fbe39e539578e2f4275762505f458/share/icons/Adwaita/48x48/status/rotation-locked-symbolic.symbolic.png
/home/jbenjami/.julia/artifacts/6012e83a109fbe39e539578e2f4275762505f458/share/icons/Adwaita/48x48/status/system-lock-screen-symbolic.symbolic.png
/home/jbenjami/.julia/artifacts/6012e83a109fbe39e539578e2f4275762505f458/share/icons/Adwaita/64x64/status/auth-sim-locked-symbolic.symbolic.png
/home/jbenjami/.julia/artifacts/6012e83a109fbe39e539578e2f4275762505f458/share/icons/Adwaita/64x64/status/rotation-locked-symbolic.symbolic.png
/home/jbenjami/.julia/artifacts/6012e83a109fbe39e539578e2f4275762505f458/share/icons/Adwaita/64x64/status/system-lock-screen-symbolic.symbolic.png
/home/jbenjami/.julia/artifacts/6012e83a109fbe39e539578e2f4275762505f458/share/icons/Adwaita/96x96/status/auth-sim-locked-symbolic.symbolic.png
/home/jbenjami/.julia/artifacts/6012e83a109fbe39e539578e2f4275762505f458/share/icons/Adwaita/96x96/status/rotation-locked-symbolic.symbolic.png
/home/jbenjami/.julia/artifacts/6012e83a109fbe39e539578e2f4275762505f458/share/icons/Adwaita/96x96/status/system-lock-screen-symbolic.symbolic.png
/home/jbenjami/.julia/artifacts/6012e83a109fbe39e539578e2f4275762505f458/share/icons/Adwaita/scalable/status/auth-sim-locked-symbolic.svg
/home/jbenjami/.julia/artifacts/6012e83a109fbe39e539578e2f4275762505f458/share/icons/Adwaita/scalable/status/rotation-locked-symbolic.svg
/home/jbenjami/.julia/artifacts/6012e83a109fbe39e539578e2f4275762505f458/share/icons/Adwaita/scalable/status/system-lock-screen-symbolic.svg
/home/jbenjami/.julia/artifacts/6f2b784592cf30d2e4c03873f8cfcb0e05beecf7/include/wayland-protocols/ext-session-lock-v1-enum.h
/home/jbenjami/.julia/artifacts/6f2b784592cf30d2e4c03873f8cfcb0e05beecf7/share/wayland-protocols/staging/ext-session-lock
/home/jbenjami/.julia/artifacts/6f2b784592cf30d2e4c03873f8cfcb0e05beecf7/share/wayland-protocols/staging/ext-session-lock/ext-session-lock-v1.xml
/home/jbenjami/.julia/artifacts/a910ea1b745c16784f3f8ce1f4b6f6d4da7d8da0/jl-profile.js-0.5.2/package-lock.json
/home/jbenjami/.julia/artifacts/78275de36e9cad7babfc6dd04ede196bf7ed164a/include/QtCore/6.10.2/QtCore/private/qlockfile_p.h
/home/jbenjami/.julia/artifacts/78275de36e9cad7babfc6dd04ede196bf7ed164a/include/QtCore/6.10.2/QtCore/private/qlocking_p.h
/home/jbenjami/.julia/artifacts/78275de36e9cad7babfc6dd04ede196bf7ed164a/include/QtCore/6.10.2/QtCore/private/qorderedmutexlocker_p.h
/home/jbenjami/.julia/artifacts/78275de36e9cad7babfc6dd04ede196bf7ed164a/include/QtCore/6.10.2/QtCore/private/qreadwritelock_p.h
/home/jbenjami/.julia/artifacts/78275de36e9cad7babfc6dd04ede196bf7ed164a/include/QtCore/QSignalBlocker
/home/jbenjami/.julia/artifacts/78275de36e9cad7babfc6dd04ede196bf7ed164a/include/QtCore/qlockfile.h
/home/jbenjami/.julia/artifacts/78275de36e9cad7babfc6dd04ede196bf7ed164a/include/QtCore/qreadwritelock.h
/home/jbenjami/.julia/artifacts/78275de36e9cad7babfc6dd04ede196bf7ed164a/include/QtGui/QTextBlock
/home/jbenjami/.julia/artifacts/78275de36e9cad7babfc6dd04ede196bf7ed164a/include/QtGui/QTextBlockFormat
/home/jbenjami/.julia/artifacts/78275de36e9cad7babfc6dd04ede196bf7ed164a/include/QtGui/QTextBlockGroup
/home/jbenjami/.julia/artifacts/78275de36e9cad7babfc6dd04ede196bf7ed164a/include/QtGui/QTextBlockUserData
/home/jbenjami/.julia/artifacts/5aa05123e9ebbfaf1da781168fed89c31b8b7497/lib/engines-3/padlock.so
/home/jbenjami/.julia/artifacts/1f25063346d3a567b532fbd2116a3f75864ddf57/include/oneapi/tbb/blocked_nd_range.h
/home/jbenjami/.julia/artifacts/1f25063346d3a567b532fbd2116a3f75864ddf57/include/oneapi/tbb/blocked_range.h
/home/jbenjami/.julia/artifacts/1f25063346d3a567b532fbd2116a3f75864ddf57/include/oneapi/tbb/blocked_range2d.h
/home/jbenjami/.julia/artifacts/1f25063346d3a567b532fbd2116a3f75864ddf57/include/oneapi/tbb/blocked_range3d.h
/home/jbenjami/.julia/artifacts/1f25063346d3a567b532fbd2116a3f75864ddf57/include/oneapi/tbb/blocked_rangeNd.h
/home/jbenjami/.julia/artifacts/1f25063346d3a567b532fbd2116a3f75864ddf57/include/oneapi/tbb/detail/_scoped_lock.h
/home/jbenjami/.julia/artifacts/1f25063346d3a567b532fbd2116a3f75864ddf57/include/tbb/blocked_nd_range.h
/home/jbenjami/.julia/artifacts/1f25063346d3a567b532fbd2116a3f75864ddf57/include/tbb/blocked_range.h
/home/jbenjami/.julia/artifacts/1f25063346d3a567b532fbd2116a3f75864ddf57/include/tbb/blocked_range2d.h
/home/jbenjami/.julia/artifacts/1f25063346d3a567b532fbd2116a3f75864ddf57/include/tbb/blocked_range3d.h
/home/jbenjami/.julia/artifacts/1f25063346d3a567b532fbd2116a3f75864ddf57/include/tbb/blocked_rangeNd.h
/home/jbenjami/.julia/artifacts/5e2f56e269ccc3093cbe0828acc81cf68434ab94/include/lzma/block.h
/home/jbenjami/.julia/artifacts/9723cba3628566f8da50ea2f286daaf70c23a7a2/include/oneapi/tbb/blocked_range.h
/home/jbenjami/.julia/artifacts/9723cba3628566f8da50ea2f286daaf70c23a7a2/include/oneapi/tbb/blocked_range2d.h
/home/jbenjami/.julia/artifacts/9723cba3628566f8da50ea2f286daaf70c23a7a2/include/oneapi/tbb/blocked_range3d.h
/home/jbenjami/.julia/artifacts/9723cba3628566f8da50ea2f286daaf70c23a7a2/include/oneapi/tbb/blocked_rangeNd.h
/home/jbenjami/.julia/artifacts/9723cba3628566f8da50ea2f286daaf70c23a7a2/include/oneapi/tbb/detail/_scoped_lock.h
/home/jbenjami/.julia/artifacts/9723cba3628566f8da50ea2f286daaf70c23a7a2/include/tbb/blocked_range.h
/home/jbenjami/.julia/artifacts/9723cba3628566f8da50ea2f286daaf70c23a7a2/include/tbb/blocked_range2d.h
/home/jbenjami/.julia/artifacts/9723cba3628566f8da50ea2f286daaf70c23a7a2/include/tbb/blocked_range3d.h
/home/jbenjami/.julia/artifacts/9723cba3628566f8da50ea2f286daaf70c23a7a2/include/tbb/blocked_rangeNd.h
/home/jbenjami/.julia/artifacts/7328e6b9e83b8ce9ad81ab14feff0d72eca94bb7/share/man/man3/XauUnlockAuth.3
/home/jbenjami/.julia/artifacts/0ef7836563e0bb993333653a46424119858e5f1d/include/lzma/block.h
/home/jbenjami/.julia/artifacts/2bb2b0081086bcb24e6bd287b7416b6b61d856a3/share/man/man3/xcb_xkb_latch_lock_state.3
/home/jbenjami/.julia/artifacts/2bb2b0081086bcb24e6bd287b7416b6b61d856a3/share/man/man3/xcb_xkb_latch_lock_state_checked.3
/home/jbenjami/.julia/artifacts/8d7eb535e04c99b3ec059c46c0431337c9c452e3/include/oneapi/tbb/blocked_range.h
/home/jbenjami/.julia/artifacts/8d7eb535e04c99b3ec059c46c0431337c9c452e3/include/oneapi/tbb/blocked_range2d.h
/home/jbenjami/.julia/artifacts/8d7eb535e04c99b3ec059c46c0431337c9c452e3/include/oneapi/tbb/blocked_range3d.h
/home/jbenjami/.julia/artifacts/8d7eb535e04c99b3ec059c46c0431337c9c452e3/include/oneapi/tbb/blocked_rangeNd.h
/home/jbenjami/.julia/artifacts/8d7eb535e04c99b3ec059c46c0431337c9c452e3/include/oneapi/tbb/detail/_scoped_lock.h
/home/jbenjami/.julia/artifacts/8d7eb535e04c99b3ec059c46c0431337c9c452e3/include/tbb/blocked_range.h
/home/jbenjami/.julia/artifacts/8d7eb535e04c99b3ec059c46c0431337c9c452e3/include/tbb/blocked_range2d.h
/home/jbenjami/.julia/artifacts/8d7eb535e04c99b3ec059c46c0431337c9c452e3/include/tbb/blocked_range3d.h
/home/jbenjami/.julia/artifacts/8d7eb535e04c99b3ec059c46c0431337c9c452e3/include/tbb/blocked_rangeNd.h
/home/jbenjami/.julia/artifacts/6d8a1f48d4b47dc03fa048d88680be84ae15e5fc/include/glib-2.0/glib/gbitlock.h
/home/jbenjami/.julia/artifacts/d632a0145c0b967e10f0612438e65bf33ce26882/share/man/man3/XUnlockDisplay.3
/home/jbenjami/.julia/artifacts/48d95e60ccfecd4622b42d4fbeda49b2cbc7530b/include/QtCore/6.10.2/QtCore/private/qlockfile_p.h
/home/jbenjami/.julia/artifacts/48d95e60ccfecd4622b42d4fbeda49b2cbc7530b/include/QtCore/6.10.2/QtCore/private/qlocking_p.h
/home/jbenjami/.julia/artifacts/48d95e60ccfecd4622b42d4fbeda49b2cbc7530b/include/QtCore/6.10.2/QtCore/private/qorderedmutexlocker_p.h
/home/jbenjami/.julia/artifacts/48d95e60ccfecd4622b42d4fbeda49b2cbc7530b/include/QtCore/6.10.2/QtCore/private/qreadwritelock_p.h
/home/jbenjami/.julia/artifacts/48d95e60ccfecd4622b42d4fbeda49b2cbc7530b/include/QtCore/QSignalBlocker
/home/jbenjami/.julia/artifacts/48d95e60ccfecd4622b42d4fbeda49b2cbc7530b/include/QtCore/qlockfile.h
/home/jbenjami/.julia/artifacts/48d95e60ccfecd4622b42d4fbeda49b2cbc7530b/include/QtCore/qreadwritelock.h
/home/jbenjami/.julia/artifacts/48d95e60ccfecd4622b42d4fbeda49b2cbc7530b/include/QtGui/QTextBlock
/home/jbenjami/.julia/artifacts/48d95e60ccfecd4622b42d4fbeda49b2cbc7530b/include/QtGui/QTextBlockFormat
/home/jbenjami/.julia/artifacts/48d95e60ccfecd4622b42d4fbeda49b2cbc7530b/include/QtGui/QTextBlockGroup
/home/jbenjami/.julia/artifacts/48d95e60ccfecd4622b42d4fbeda49b2cbc7530b/include/QtGui/QTextBlockUserData
/home/jbenjami/.julia/conda/3/x86_64/pkgs/python-3.13.12-hc97d973_100_cp313/lib/python3.13/turtledemo/__pycache__/clock.cpython-314.pyc
/home/jbenjami/.julia/conda/3/x86_64/pkgs/python-3.13.12-hc97d973_100_cp313/lib/python3.13/turtledemo/__pycache__/clock.cpython-313.pyc
/home/jbenjami/.julia/conda/3/x86_64/pkgs/python-3.13.12-hc97d973_100_cp313/lib/python3.13/turtledemo/clock.py
/home/jbenjami/.julia/conda/3/x86_64/pkgs/python-3.13.12-hc97d973_100_cp313/lib/python3.13/asyncio/__pycache__/locks.cpython-314.pyc
/home/jbenjami/.julia/conda/3/x86_64/pkgs/python-3.13.12-hc97d973_100_cp313/lib/python3.13/asyncio/__pycache__/locks.cpython-313.pyc
/home/jbenjami/.julia/conda/3/x86_64/pkgs/python-3.13.12-hc97d973_100_cp313/lib/python3.13/asyncio/locks.py
/home/jbenjami/.julia/conda/3/x86_64/pkgs/python-3.13.12-hc97d973_100_cp313/include/python3.13/internal/pycore_blocks_output_buffer.h
/home/jbenjami/.julia/conda/3/x86_64/pkgs/python-3.13.12-hc97d973_100_cp313/include/python3.13/internal/pycore_lock.h
/home/jbenjami/.julia/conda/3/x86_64/pkgs/python-3.13.12-hc97d973_100_cp313/include/python3.13/cpython/lock.h
/home/jbenjami/.julia/conda/3/x86_64/pkgs/python-3.13.12-hc97d973_100_cp313/include/python3.13/lock.h
/home/jbenjami/.julia/conda/3/x86_64/pkgs/tk-8.6.13-noxft_h366c992_103/lib/tcl8.6/clock.tcl
/home/jbenjami/.julia/conda/3/x86_64/pkgs/libssh2-1.11.1-hcf80075_0/share/man/man3/libssh2_session_get_blocking.3
/home/jbenjami/.julia/conda/3/x86_64/pkgs/libssh2-1.11.1-hcf80075_0/share/man/man3/libssh2_channel_set_blocking.3
/home/jbenjami/.julia/conda/3/x86_64/pkgs/libssh2-1.11.1-hcf80075_0/share/man/man3/libssh2_session_set_blocking.3
/home/jbenjami/.julia/conda/3/x86_64/pkgs/libssh2-1.11.1-hcf80075_0/share/man/man3/libssh2_session_block_directions.3
/home/jbenjami/.julia/conda/3/x86_64/pkgs/spdlog-1.17.0-hab81395_1/include/spdlog/details/mpmc_blocking_q.h
/home/jbenjami/.julia/conda/3/x86_64/pkgs/libarchive-3.8.6-gpl_hc2c16d8_100/share/man/man3/archive_write_blocksize.3
/home/jbenjami/.julia/conda/3/x86_64/pkgs/backports.zstd-1.3.0-py313h18e8e13_0/lib/python3.13/site-packages/backports/zstd/_cffi/__pycache__/_blocks_output_buffer.cpython-313.pyc
/home/jbenjami/.julia/conda/3/x86_64/pkgs/backports.zstd-1.3.0-py313h18e8e13_0/lib/python3.13/site-packages/backports/zstd/_cffi/_blocks_output_buffer.py
/home/jbenjami/.julia/conda/3/x86_64/pkgs/libmamba-2.5.0-hd28c85e_0/include/mamba/core/env_lockfile.hpp
/home/jbenjami/.julia/conda/3/x86_64/pkgs/packaging-26.0-pyhcf101f3_0/site-packages/packaging/pylock.py
/home/jbenjami/.julia/conda/3/x86_64/pkgs/pip-26.0.1-pyh145f28c_0/site-packages/pip/_vendor/packaging/pylock.py
/home/jbenjami/.julia/conda/3/x86_64/pkgs/pip-26.0.1-pyh145f28c_0/site-packages/pip/_internal/utils/pylock.py
/home/jbenjami/.julia/conda/3/x86_64/pkgs/pip-26.0.1-pyh145f28c_0/site-packages/pip/_internal/commands/lock.py
/home/jbenjami/.julia/conda/3/x86_64/pkgs/setuptools-82.0.1-pyh332efcf_0/site-packages/setuptools/_vendor/packaging/pylock.py
/home/jbenjami/.julia/conda/3/x86_64/pkgs/setuptools-82.0.1-pyh332efcf_0/site-packages/setuptools/_vendor/.lock
/home/jbenjami/.julia/conda/3/x86_64/pkgs/cffi-2.0.0-py313hf46b229_1/lib/python3.13/site-packages/cffi/__pycache__/lock.cpython-313.pyc
/home/jbenjami/.julia/conda/3/x86_64/pkgs/cffi-2.0.0-py313hf46b229_1/lib/python3.13/site-packages/cffi/lock.py
/home/jbenjami/.julia/conda/3/x86_64/pkgs/conda-26.1.1-py313h78bf25f_0/lib/python3.13/site-packages/conda/plugins/subcommands/doctor/health_checks/__pycache__/file_locking.cpython-313.pyc
/home/jbenjami/.julia/conda/3/x86_64/pkgs/conda-26.1.1-py313h78bf25f_0/lib/python3.13/site-packages/conda/plugins/subcommands/doctor/health_checks/file_locking.py
/home/jbenjami/.julia/conda/3/x86_64/pkgs/conda-26.1.1-py313h78bf25f_0/lib/python3.13/site-packages/conda/gateways/disk/__pycache__/lock.cpython-313.pyc
/home/jbenjami/.julia/conda/3/x86_64/pkgs/conda-26.1.1-py313h78bf25f_0/lib/python3.13/site-packages/conda/gateways/disk/lock.py
/home/jbenjami/.julia/conda/3/x86_64/pkgs/conda-26.1.1-py313h78bf25f_0/lib/python3.13/site-packages/conda/gateways/repodata/lock.py
/home/jbenjami/.julia/conda/3/x86_64/pkgs/conda-26.1.1-py313h78bf25f_0/lib/python3.13/site-packages/conda/gateways/repodata/__pycache__/lock.cpython-313.pyc
/home/jbenjami/.julia/conda/3/x86_64/lib/tcl8.6/clock.tcl
/home/jbenjami/.julia/conda/3/x86_64/lib/python3.13/asyncio/__pycache__/locks.cpython-313.pyc
/home/jbenjami/.julia/conda/3/x86_64/lib/python3.13/asyncio/__pycache__/locks.cpython-314.pyc
/home/jbenjami/.julia/conda/3/x86_64/lib/python3.13/asyncio/locks.py
/home/jbenjami/.julia/conda/3/x86_64/lib/python3.13/site-packages/backports/zstd/_cffi/__pycache__/_blocks_output_buffer.cpython-313.pyc
/home/jbenjami/.julia/conda/3/x86_64/lib/python3.13/site-packages/backports/zstd/_cffi/_blocks_output_buffer.py
/home/jbenjami/.julia/conda/3/x86_64/lib/python3.13/site-packages/packaging/pylock.py
/home/jbenjami/.julia/conda/3/x86_64/lib/python3.13/site-packages/packaging/__pycache__/pylock.cpython-313.pyc
/home/jbenjami/.julia/conda/3/x86_64/lib/python3.13/site-packages/pip/_internal/commands/lock.py
/home/jbenjami/.julia/conda/3/x86_64/lib/python3.13/site-packages/pip/_internal/commands/__pycache__/lock.cpython-313.pyc
/home/jbenjami/.julia/conda/3/x86_64/lib/python3.13/site-packages/pip/_internal/utils/pylock.py
/home/jbenjami/.julia/conda/3/x86_64/lib/python3.13/site-packages/pip/_internal/utils/__pycache__/pylock.cpython-313.pyc
/home/jbenjami/.julia/conda/3/x86_64/lib/python3.13/site-packages/pip/_vendor/packaging/pylock.py
/home/jbenjami/.julia/conda/3/x86_64/lib/python3.13/site-packages/pip/_vendor/packaging/__pycache__/pylock.cpython-313.pyc
/home/jbenjami/.julia/conda/3/x86_64/lib/python3.13/site-packages/setuptools/_vendor/.lock
/home/jbenjami/.julia/conda/3/x86_64/lib/python3.13/site-packages/setuptools/_vendor/packaging/pylock.py
/home/jbenjami/.julia/conda/3/x86_64/lib/python3.13/site-packages/setuptools/_vendor/packaging/__pycache__/pylock.cpython-313.pyc
/home/jbenjami/.julia/conda/3/x86_64/lib/python3.13/site-packages/cffi/__pycache__/lock.cpython-313.pyc
/home/jbenjami/.julia/conda/3/x86_64/lib/python3.13/site-packages/cffi/lock.py
/home/jbenjami/.julia/conda/3/x86_64/lib/python3.13/site-packages/conda/gateways/disk/__pycache__/lock.cpython-313.pyc
/home/jbenjami/.julia/conda/3/x86_64/lib/python3.13/site-packages/conda/gateways/disk/lock.py
/home/jbenjami/.julia/conda/3/x86_64/lib/python3.13/site-packages/conda/gateways/repodata/__pycache__/lock.cpython-313.pyc
/home/jbenjami/.julia/conda/3/x86_64/lib/python3.13/site-packages/conda/gateways/repodata/lock.py
/home/jbenjami/.julia/conda/3/x86_64/lib/python3.13/site-packages/conda/plugins/subcommands/doctor/health_checks/__pycache__/file_locking.cpython-313.pyc
/home/jbenjami/.julia/conda/3/x86_64/lib/python3.13/site-packages/conda/plugins/subcommands/doctor/health_checks/file_locking.py
/home/jbenjami/.julia/conda/3/x86_64/lib/python3.13/turtledemo/__pycache__/clock.cpython-313.pyc
/home/jbenjami/.julia/conda/3/x86_64/lib/python3.13/turtledemo/__pycache__/clock.cpython-314.pyc
/home/jbenjami/.julia/conda/3/x86_64/lib/python3.13/turtledemo/clock.py
/home/jbenjami/.julia/conda/3/x86_64/share/man/man3/libssh2_channel_set_blocking.3
/home/jbenjami/.julia/conda/3/x86_64/share/man/man3/libssh2_session_block_directions.3
/home/jbenjami/.julia/conda/3/x86_64/share/man/man3/libssh2_session_get_blocking.3
/home/jbenjami/.julia/conda/3/x86_64/share/man/man3/libssh2_session_set_blocking.3
/home/jbenjami/.julia/conda/3/x86_64/share/man/man3/archive_write_blocksize.3
/home/jbenjami/.julia/conda/3/x86_64/include/spdlog/details/mpmc_blocking_q.h
/home/jbenjami/.julia/conda/3/x86_64/include/python3.13/cpython/lock.h
/home/jbenjami/.julia/conda/3/x86_64/include/python3.13/internal/pycore_blocks_output_buffer.h
/home/jbenjami/.julia/conda/3/x86_64/include/python3.13/internal/pycore_lock.h
/home/jbenjami/.julia/conda/3/x86_64/include/python3.13/lock.h
/home/jbenjami/.julia/conda/3/x86_64/include/mamba/core/env_lockfile.hpp
/home/jbenjami/.julia/environments/v1.10/.CondaPkg/env/lib/tcl8.6/clock.tcl
/home/jbenjami/.julia/environments/v1.10/.CondaPkg/env/lib/python3.12/asyncio/__pycache__/locks.cpython-312.pyc
/home/jbenjami/.julia/environments/v1.10/.CondaPkg/env/lib/python3.12/asyncio/locks.py
/home/jbenjami/.julia/environments/v1.10/.CondaPkg/env/lib/python3.12/turtledemo/__pycache__/clock.cpython-312.pyc
/home/jbenjami/.julia/environments/v1.10/.CondaPkg/env/lib/python3.12/turtledemo/clock.py
/home/jbenjami/.julia/environments/v1.10/.CondaPkg/env/include/lzma/block.h
/home/jbenjami/.julia/environments/v1.10/.CondaPkg/env/include/python3.12/internal/pycore_blocks_output_buffer.h
/home/jbenjami/.julia/compiled/v1.10/BlockArrays
/home/jbenjami/.julia/compiled/v1.10/TransducersBlockArraysExt
/home/jbenjami/.julia/compiled/v1.10/BlockArraysAdaptExt
/home/jbenjami/.julia/compiled/v1.10/LazyArraysBlockArraysExt
/home/jbenjami/.julia/compiled/v1.10/BlockArraysBandedMatricesExt
/home/jbenjami/.julia/compiled/v1.12/BlockArrays
/home/jbenjami/.julia/compiled/v1.12/TransducersBlockArraysExt
/home/jbenjami/.julia/compiled/v1.12/BlockArraysAdaptExt
/home/jbenjami/.julia/compiled/v1.12/LazyArraysBlockArraysExt
/home/jbenjami/.julia/compiled/v1.12/BlockArraysBandedMatricesExt
/home/jbenjami/.julia/compiled/v1.12/BlockwiseStatisticalReductions
/home/jbenjami/.julia/compiled/v1.11/BlockArrays
/home/jbenjami/.julia/compiled/v1.11/BlockArraysAdaptExt
/home/jbenjami/.julia/compiled/v1.11/TransducersBlockArraysExt
/home/jbenjami/.julia/compiled/v1.11/LazyArraysBlockArraysExt
/home/jbenjami/.julia/compiled/v1.11/BlockArraysBandedMatricesExt
