┌ Warning: The project dependencies or compat requirements have changed since the manifest was last resolved.
│ It is recommended to `Pkg.resolve()` or consider `Pkg.update()` if necessary.
└ @ Pkg.API ~/.julia/juliaup/julia-1.12.6+0.x64.linux.gnu/share/julia/stdlib/v1.12/Pkg/src/API.jl:1322
┌ Warning: The project dependencies or compat requirements have changed since the manifest was last resolved.
│ It is recommended to `Pkg.resolve()` or consider `Pkg.update()` if necessary.
└ @ Pkg.API ~/.julia/juliaup/julia-1.12.6+0.x64.linux.gnu/share/julia/stdlib/v1.12/Pkg/src/API.jl:1322
      Status `/net/sampo/data1/jbenjami/Code/jbphyswx/FlowFieldSpectra.jl/test/Project.toml`
  [4c88cf16] Aqua v0.8.16
  [13f3f980] CairoMakie v0.15.11
  [7a1cc6ca] FFTW v1.10.0
  [d8beea63] FINUFFT v3.5.2
  [d335c211] FastSphericalHarmonics v1.4.0
  [e5f08a8b] FlowFieldSpectra v0.1.0 `.`
  [e99b67a3] NUFSHT v0.1.0 `https://github.com/jbphyswx/NUFSHT.jl#`
  [90137ffa] StaticArrays v1.9.18
  [10745b16] Statistics v1.11.1
  [37e2e46d] LinearAlgebra v1.12.0
  [9a3f8284] Random v1.11.0
  [8dfed614] Test v1.11.0
      Status `/net/sampo/data1/jbenjami/Code/jbphyswx/FlowFieldSpectra.jl/Manifest.toml`
  [621f4979] AbstractFFTs v1.5.0
  [1520ce14] AbstractTrees v0.4.5
  [79e6a3ab] Adapt v4.6.0
  [35492f91] AdaptivePredicates v1.2.0
  [66dad0bd] AliasTables v1.1.3
  [27a7e980] Animations v0.4.2
  [4c88cf16] Aqua v0.8.16
  [4c555306] ArrayLayouts v1.12.2
  [67c07d97] Automa v1.1.0
  [13072b0f] AxisAlgorithms v1.1.0
  [39de3d68] AxisArrays v0.4.8
  [aae01518] BandedMatrices v1.11.0
  [18cc8868] BaseDirs v1.3.2
  [0e736298] Bessels v0.2.8
  [fa961155] CEnum v0.5.0
  [96374032] CRlibm v1.0.2
  [159f3aea] Cairo v1.1.1
  [13f3f980] CairoMakie v0.15.11
  [d360d2e6] ChainRulesCore v1.26.1
  [6b39b394] CodecZstd v0.8.7
  [a2cac450] ColorBrewer v0.4.2
  [35d6a980] ColorSchemes v3.31.0
  [3da002f7] ColorTypes v0.12.1
  [c3611d14] ColorVectorSpace v0.11.0
  [5ae59095] Colors v0.13.1
  [34da2185] Compat v4.18.1
  [95dc2771] ComputePipeline v0.1.8
  [459fdd68] ComputedFieldTypes v1.0.2
  [187b0558] ConstructionBase v1.6.0
  [d38c429a] Contour v0.6.3
  [b7a15901] CoreMath v0.1.0
  [717857b8] DSP v0.8.5
  [9a962f9c] DataAPI v1.16.0
  [864edb3b] DataStructures v0.19.5
  [e2d170a0] DataValueInterfaces v1.0.0
  [927a84f5] DelaunayTriangulation v1.6.6
  [31c24e10] Distributions v0.25.126
  [ffbed154] DocStringExtensions v0.9.5
  [4e289a0a] EnumX v1.0.7
  [429591f6] ExactPredicates v2.2.9
  [411431e0] Extents v0.1.6
  [b86e33f2] FFTA v0.3.1
  [7a1cc6ca] FFTW v1.10.0
  [d8beea63] FINUFFT v3.5.2
  [442a2c76] FastGaussQuadrature v1.3.0
  [d335c211] FastSphericalHarmonics v1.4.0
  [057dd010] FastTransforms v0.17.1
  [5789e2e9] FileIO v1.19.0
  [8fc22ac5] FilePaths v0.9.0
  [48062228] FilePathsBase v0.9.24
  [1a297f60] FillArrays v1.16.0
⌅ [53c48c17] FixedPointNumbers v0.8.6
  [e5f08a8b] FlowFieldSpectra v0.1.0 `.`
  [1fa38f19] Format v1.3.7
  [b38be410] FreeType v4.1.1
  [663a7486] FreeTypeAbstraction v0.10.8
  [a8297547] GenericFFT v0.1.7
  [5c1252a2] GeometryBasics v0.5.10
  [a2bd30eb] Graphics v1.1.3
  [3955a311] GridLayoutBase v0.11.2
  [34004b35] HypergeometricFunctions v0.3.28
  [2803e5a7] ImageAxes v0.6.12
  [c817782e] ImageBase v0.1.7
  [a09fc81d] ImageCore v0.10.5
  [82e4d734] ImageIO v0.6.9
  [bc367c6b] ImageMetadata v0.9.10
  [9b13fd28] IndirectArrays v1.0.0
  [d25df0c9] Inflate v0.1.5
  [18e54dd8] IntegerMathUtils v0.1.3
  [a98d9a8b] Interpolations v0.16.2
  [d1acc4aa] IntervalArithmetic v1.0.9
  [8197267c] IntervalSets v0.7.14
  [3587e190] InverseFunctions v0.1.17
  [92d709cd] IrrationalConstants v0.2.6
  [f1662d9f] Isoband v0.1.1
  [c8e1da08] IterTools v1.10.0
  [82899510] IteratorInterfaceExtensions v1.0.0
  [692b3bcd] JLLWrappers v1.8.0
  [682c06a0] JSON v1.6.1
  [b835a17e] JpegTurbo v0.1.6
  [5ab0869b] KernelDensity v0.6.12
  [b964fa9f] LaTeXStrings v1.4.0
  [5078a376] LazyArrays v2.9.8
  [8cdb02fc] LazyModules v0.3.1
⌅ [2ab3a3ac] LogExpFunctions v0.3.29
  [1914dd2f] MacroTools v0.5.16
  [ee78f7c6] Makie v0.24.11
  [dbb5928d] MappedArrays v0.4.3
  [0a4f8689] MathTeXEngine v0.6.9
  [e1d29d7a] Missings v1.2.0
  [e94cdb99] MosaicViews v0.3.4
  [46d2c3a1] MuladdMacro v0.2.4
  [e99b67a3] NUFSHT v0.1.0 `https://github.com/jbphyswx/NUFSHT.jl#`
  [77ba4419] NaNMath v1.1.3
  [f09324ee] Netpbm v1.1.1
  [510215fc] Observables v0.5.5
  [6fe1bfb0] OffsetArrays v1.17.0
  [52e1d378] OpenEXR v0.3.3
⌅ [bac558e1] OrderedCollections v1.8.2
  [90014a1f] PDMats v0.11.37
  [f57f5aa1] PNGFiles v0.4.5
  [19eb6ba3] Packing v0.5.1
  [5432bcbf] PaddedViews v0.5.12
  [69de0a69] Parsers v2.8.5
  [eebad327] PkgVersion v0.3.3
  [995b91a9] PlotUtils v1.4.4
  [647866c9] PolygonOps v0.1.2
  [f27b6e38] Polynomials v4.1.1
  [aea7be01] PrecompileTools v1.3.4
  [21216c6a] Preferences v1.5.2
  [27ebfcd6] Primes v0.5.7
  [92933f4c] ProgressMeter v1.11.0
  [43287f4e] PtrArrays v1.4.0
  [4b34888f] QOI v1.0.2
  [1fd47b50] QuadGK v2.11.3
  [b3c3ace0] RangeArrays v0.3.2
  [c84ed2f1] Ratios v0.4.5
  [807425ed] RecurrenceRelationships v0.2.0
  [189a3867] Reexport v1.2.2
  [05181044] RelocatableFolders v1.0.1
  [ae029012] Requires v1.3.1
  [79098fc4] Rmath v0.9.0
  [5eaf0fd0] RoundingEmulator v0.2.1
  [fdea26ae] SIMD v3.7.2
  [6c6a2e73] Scratch v1.3.0
  [efcf1570] Setfield v1.1.2
  [65257c39] ShaderAbstractions v0.5.0
  [73760f76] SignedDistanceFields v0.4.1
  [699a6c99] SimpleTraits v0.9.6
  [45858cf5] Sixel v0.1.5
  [a2af1166] SortingAlgorithms v1.2.2
  [276daf66] SpecialFunctions v2.8.0
  [860ef19b] StableRNGs v1.0.4
  [cae243ae] StackViews v0.1.2
  [90137ffa] StaticArrays v1.9.18
  [1e83bf80] StaticArraysCore v1.4.4
  [10745b16] Statistics v1.11.1
  [82ae8749] StatsAPI v1.8.0
  [2913bbd2] StatsBase v0.34.11
⌅ [4c63d2b9] StatsFuns v1.5.2
  [09ab397b] StructArrays v0.7.3
  [ec057cc2] StructUtils v2.8.2
  [3783bdb8] TableTraits v1.0.1
  [bd369af6] Tables v1.12.1
  [62fd8b95] TensorCore v0.1.1
  [731e570b] TiffImages v0.11.9
  [c751599d] ToeplitzMatrices v0.8.5
  [3bb67fe8] TranscodingStreams v0.11.3
  [981d1d27] TriplotBase v0.1.0
  [1cfade01] UnicodeFun v0.4.1
  [1986cc42] Unitful v1.28.0
  [e3aaa7dc] WebP v0.1.3
  [efce3f68] WoodburyMatrices v1.1.0
  [6e34b625] Bzip2_jll v1.0.9+0
  [4e9b3aee] CRlibm_jll v1.0.1+0
  [4ee394cb] CUDA_Driver_jll v13.3.0+0
  [76a88914] CUDA_Runtime_jll v0.23.0+0
  [83423d85] Cairo_jll v1.18.7+0
  [a38c48d9] CoreMath_jll v0.1.0+0
  [5ae413db] EarCut_jll v2.2.4+0
  [2e619515] Expat_jll v2.8.1+0
  [b22a6f82] FFMPEG_jll v8.1.0+0
  [f5851436] FFTW_jll v3.3.12+0
  [34b6f7d7] FastTransforms_jll v0.6.4+0
  [a3f928ae] Fontconfig_jll v2.17.1+0
  [d7e528f0] FreeType2_jll v2.14.3+1
  [559328eb] FriBidi_jll v1.0.17+0
⌅ [b0724c58] GettextRuntime_jll v0.22.4+0
  [59f7168a] Giflib_jll v5.2.3+0
  [7746bdde] Glib_jll v2.86.3+0
  [3b182d85] Graphite2_jll v1.3.15+0
  [2e76f6c2] HarfBuzz_jll v8.5.1+0
  [905a6f67] Imath_jll v3.2.2+0
  [1d5cc7b8] IntelOpenMP_jll v2025.2.0+0
  [aacddb02] JpegTurbo_jll v3.1.5+0
  [c1c5ebd0] LAME_jll v3.100.3+0
  [88015f11] LERC_jll v4.1.0+0
  [1d63c593] LLVMOpenMP_jll v18.1.8+0
⌅ [e9f186c6] Libffi_jll v3.4.7+0
  [7e76a0d4] Libglvnd_jll v1.7.1+1
  [94ce4f54] Libiconv_jll v1.18.0+0
  [4b2f31a3] Libmount_jll v2.42.0+0
  [89763e89] Libtiff_jll v4.7.2+0
  [38a345b3] Libuuid_jll v2.42.0+0
  [856f044c] MKL_jll v2025.2.0+0
  [e98f9f5b] NVTX_jll v3.2.2+0
  [e7412a2a] Ogg_jll v1.3.6+0
  [6cdc7f73] OpenBLASConsistentFPCSR_jll v0.3.33+0
  [18a262bb] OpenEXR_jll v3.4.12+0
  [efe28fd5] OpenSpecFun_jll v0.5.6+0
  [91d4177d] Opus_jll v1.6.1+0
  [36c8627f] Pango_jll v1.57.1+0
  [30392449] Pixman_jll v0.46.4+0
  [f50d1b31] Rmath_jll v0.5.1+0
  [ffd25f8a] XZ_jll v5.8.3+0
  [4f6342f7] Xorg_libX11_jll v1.8.13+0
  [0c0b7dd1] Xorg_libXau_jll v1.0.13+0
  [a3789734] Xorg_libXdmcp_jll v1.1.6+0
  [1082639a] Xorg_libXext_jll v1.3.8+0
  [d091e8ba] Xorg_libXfixes_jll v6.0.2+0
  [ea2f1a96] Xorg_libXrender_jll v0.9.12+0
  [a65dc6b1] Xorg_libpciaccess_jll v0.19.0+0
  [c7cfdc94] Xorg_libxcb_jll v1.17.1+0
  [c5fb5394] Xorg_xtrans_jll v1.6.0+0
  [3161d3a3] Zstd_jll v1.5.7+1
  [d94e68af] cufinufft_jll v2.5.1+0
  [c41cd5a2] finufft_jll v2.5.1+0
  [9a68df92] isoband_jll v0.2.3+0
  [a4ae2306] libaom_jll v3.13.3+0
  [0ac62f75] libass_jll v0.17.4+0
  [8e53e030] libdrm_jll v2.4.125+1
  [f638f0a6] libfdk_aac_jll v2.0.4+0
  [b53b4c65] libpng_jll v1.6.58+0
  [075b6546] libsixel_jll v1.10.5+0
  [9a156e7d] libva_jll v2.23.0+0
  [f27f6e37] libvorbis_jll v1.3.8+0
  [c5f90fcd] libwebp_jll v1.6.0+0
  [1317d2d5] oneTBB_jll v2022.3.0+0
⌅ [1270edf5] x264_jll v10164.0.1+0
  [dfaa095f] x265_jll v4.1.0+0
  [0dad84c5] ArgTools v1.1.2
  [56f22d72] Artifacts v1.11.0
  [2a0f44e3] Base64 v1.11.0
  [8bf52ea8] CRC32c v1.11.0
  [ade2ca70] Dates v1.11.0
  [8ba89e20] Distributed v1.11.0
  [f43a241f] Downloads v1.7.0
  [7b1f6079] FileWatching v1.11.0
  [9fa8497b] Future v1.11.0
  [b77e0a4c] InteractiveUtils v1.11.0
  [ac6e5ff7] JuliaSyntaxHighlighting v1.12.0
  [4af54fe1] LazyArtifacts v1.11.0
  [b27032c2] LibCURL v0.6.4
  [76f85450] LibGit2 v1.11.0
  [8f399da3] Libdl v1.11.0
  [37e2e46d] LinearAlgebra v1.12.0
  [56ddb016] Logging v1.11.0
  [d6f4376e] Markdown v1.11.0
  [a63ad114] Mmap v1.11.0
  [ca575930] NetworkOptions v1.3.0
  [44cfe95a] Pkg v1.12.1
  [de0858da] Printf v1.11.0
  [3fa0cd96] REPL v1.11.0
  [9a3f8284] Random v1.11.0
  [ea8e919c] SHA v0.7.0
  [9e88b42a] Serialization v1.11.0
  [1a1011a3] SharedArrays v1.11.0
  [6462fe0b] Sockets v1.11.0
  [2f01184e] SparseArrays v1.12.0
  [f489334b] StyledStrings v1.11.0
  [4607b0f0] SuiteSparse
  [fa267f1f] TOML v1.0.3
  [a4e569a6] Tar v1.10.0
  [8dfed614] Test v1.11.0
  [cf7118a7] UUIDs v1.11.0
  [4ec0a83e] Unicode v1.11.0
  [e66e0078] CompilerSupportLibraries_jll v1.3.0+1
  [781609d7] GMP_jll v6.3.0+2
  [deac9b47] LibCURL_jll v8.15.0+0
  [e37daf67] LibGit2_jll v1.9.0+0
  [29816b5a] LibSSH2_jll v1.11.3+1
  [3a97d323] MPFR_jll v4.2.2+0
  [14a3606d] MozillaCACerts_jll v2025.11.4
  [4536629a] OpenBLAS_jll v0.3.29+0
  [05823500] OpenLibm_jll v0.8.7+0
  [458c3c95] OpenSSL_jll v3.5.4+0
  [efcefdf7] PCRE2_jll v10.44.0+1
  [bea87d4a] SuiteSparse_jll v7.8.3+2
  [83775a58] Zlib_jll v1.3.1+2
  [8e850b90] libblastrampoline_jll v5.15.0+0
  [8e850ede] nghttp2_jll v1.64.0+1
  [3f19e933] p7zip_jll v17.7.0+0
        Info Packages marked with ⌅ have new versions available but compatibility constraints restrict them from upgrading.
     Warning The project dependencies or compat requirements have changed since the manifest was last resolved.
┌ Warning: The project dependencies or compat requirements have changed since the manifest was last resolved.
│ It is recommended to `Pkg.resolve()` or consider `Pkg.update()` if necessary.
└ @ Pkg.API ~/.julia/juliaup/julia-1.12.6+0.x64.linux.gnu/share/julia/stdlib/v1.12/Pkg/src/API.jl:1322
     Testing Running tests...
ERROR: LoadError: Some tests did not pass: 104 passed, 1 failed, 0 errored, 0 broken.
in expression starting at /net/sampo/data1/jbenjami/Code/jbphyswx/FlowFieldSpectra.jl/test/runtests.jl:13
Spherical Unstructured Parity (Direct vs NUFSHT): Test Failed at /net/sampo/data1/jbenjami/Code/jbphyswx/FlowFieldSpectra.jl/test/runtests.jl:216
  Expression: isapprox(c_nufsht_sol[idx_2_0, 1], 1.0, atol = 0.001)
   Evaluated: isapprox(0.9161673231092768 + 0.0im, 1.0; atol = 0.001)

Stacktrace:
 [1] top-level scope
   @ /net/sampo/data1/jbenjami/Code/jbphyswx/FlowFieldSpectra.jl/test/runtests.jl:15
 [2] macro expansion
   @ ~/.julia/juliaup/julia-1.12.6+0.x64.linux.gnu/share/julia/stdlib/v1.12/Test/src/Test.jl:1777 [inlined]
 [3] macro expansion
   @ /net/sampo/data1/jbenjami/Code/jbphyswx/FlowFieldSpectra.jl/test/runtests.jl:172 [inlined]
 [4] macro expansion
   @ ~/.julia/juliaup/julia-1.12.6+0.x64.linux.gnu/share/julia/stdlib/v1.12/Test/src/Test.jl:1777 [inlined]
 [5] macro expansion
   @ /net/sampo/data1/jbenjami/Code/jbphyswx/FlowFieldSpectra.jl/test/runtests.jl:216 [inlined]
 [6] macro expansion
   @ ~/.julia/juliaup/julia-1.12.6+0.x64.linux.gnu/share/julia/stdlib/v1.12/Test/src/Test.jl:680 [inlined]
Test Summary:                                                    | Pass  Fail  Total   Time
FlowFieldSpectra.jl Test Suite                                   |  104     1    105  24.6s
  Aqua Code Quality Analysis                                     |   10           10  15.6s
  Cartesian Uniform Parity (Direct vs FFTW)                      |    7            7   2.3s
  Cartesian Non-Uniform Parity (Direct vs FINUFFT)               |    2            2   1.5s
  Spherical Structured Parity (Direct vs FastSphericalHarmonics) |   85           85   0.7s
  Spherical Unstructured Parity (Direct vs NUFSHT)               |          1      1   4.4s
RNG of the outermost testset: Random.Xoshiro(0x643c5cb8e2141edd, 0x4d40a520b395a07a, 0x9e90fe0da83c353b, 0xc880bdc777d40640, 0xe05872d38cce3632)
ERROR: Package FlowFieldSpectra errored during testing
Stacktrace:
  [1] pkgerror(msg::String)
    @ Pkg.Types ~/.julia/juliaup/julia-1.12.6+0.x64.linux.gnu/share/julia/stdlib/v1.12/Pkg/src/Types.jl:68
  [2] test(ctx::Pkg.Types.Context, pkgs::Vector{PackageSpec}; coverage::Bool, julia_args::Cmd, test_args::Cmd, test_fn::Nothing, force_latest_compatible_version::Bool, allow_earlier_backwards_compatible_versions::Bool, allow_reresolve::Bool)
    @ Pkg.Operations ~/.julia/juliaup/julia-1.12.6+0.x64.linux.gnu/share/julia/stdlib/v1.12/Pkg/src/Operations.jl:2538
  [3] test
    @ ~/.julia/juliaup/julia-1.12.6+0.x64.linux.gnu/share/julia/stdlib/v1.12/Pkg/src/Operations.jl:2387 [inlined]
  [4] test(ctx::Pkg.Types.Context, pkgs::Vector{PackageSpec}; coverage::Bool, test_fn::Nothing, julia_args::Cmd, test_args::Cmd, force_latest_compatible_version::Bool, allow_earlier_backwards_compatible_versions::Bool, allow_reresolve::Bool, kwargs::@Kwargs{io::IOContext{IO}})
    @ Pkg.API ~/.julia/juliaup/julia-1.12.6+0.x64.linux.gnu/share/julia/stdlib/v1.12/Pkg/src/API.jl:552
  [5] test(pkgs::Vector{PackageSpec}; io::IOContext{IO}, kwargs::@Kwargs{})
    @ Pkg.API ~/.julia/juliaup/julia-1.12.6+0.x64.linux.gnu/share/julia/stdlib/v1.12/Pkg/src/API.jl:169
  [6] test(pkgs::Vector{PackageSpec})
    @ Pkg.API ~/.julia/juliaup/julia-1.12.6+0.x64.linux.gnu/share/julia/stdlib/v1.12/Pkg/src/API.jl:158
  [7] test(; name::Nothing, uuid::Nothing, version::Nothing, url::Nothing, rev::Nothing, path::Nothing, mode::PackageMode, subdir::Nothing, kwargs::@Kwargs{})
    @ Pkg.API ~/.julia/juliaup/julia-1.12.6+0.x64.linux.gnu/share/julia/stdlib/v1.12/Pkg/src/API.jl:186
  [8] test()
    @ Pkg.API ~/.julia/juliaup/julia-1.12.6+0.x64.linux.gnu/share/julia/stdlib/v1.12/Pkg/src/API.jl:175
  [9] top-level scope
    @ none:1
 [10] eval(m::Module, e::Any)
    @ Core ./boot.jl:489
 [11] exec_options(opts::Base.JLOptions)
    @ Base ./client.jl:283
 [12] _start()
    @ Base ./client.jl:550
